{"type":"operationStart","subtype":"profile","data":{"_id":"3hTrZMThyC40dsEc","timestamp":"2024-04-30T02:34:10.724Z","state":"queued","mode":"standard","creationDate":"2024-04-30T02:34:10.725Z","modificationDate":"2024-04-30T02:34:10.725Z","shortid":"D4iQ9yH","$entitySet":"profiles"},"doDiffs":false,"timestamp":1714444450725,"id":"3azs3lyhr30h3os","previousOperationId":null,"operationId":"ycupawfl196965y"}
{"type":"log","level":"info","message":"Render request 2 queued for execution and waiting for available worker","previousOperationId":"ycupawfl196965y","timestamp":1714444450725,"id":"kt4crqowoy0qc41"}
{"type":"operationStart","subtype":"render","name":"shippers-report","previousOperationId":"ycupawfl196965y","timestamp":1714444450734,"id":"yzqumkni7r5varu","previousEventId":"3azs3lyhr30h3os","operationId":"qagv5gy6p11bdzv"}
{"type":"log","timestamp":1714444450735,"level":"info","message":"Starting rendering request 2","meta":{"rootId":"4sp4vexzbysyrzn","id":"4sp4vexzbysyrzn"},"id":"1t3monrl6d2hbr5","previousOperationId":"qagv5gy6p11bdzv"}
{"type":"log","timestamp":1714444450735,"level":"info","message":"Rendering template { name: shippers-report, recipe: chrome-pdf, engine: handlebars, preview: false }","meta":{"rootId":"4sp4vexzbysyrzn","id":"4sp4vexzbysyrzn"},"id":"15eogxc8hgfi7gd","previousOperationId":"qagv5gy6p11bdzv"}
{"type":"log","timestamp":1714444450737,"level":"debug","message":"Inline data specified.","meta":{"rootId":"4sp4vexzbysyrzn","id":"4sp4vexzbysyrzn"},"id":"qedhfu1e3hljioh","previousOperationId":"qagv5gy6p11bdzv"}
{"type":"log","timestamp":1714444450739,"level":"debug","message":"Base url not specified, skipping its injection.","meta":{"rootId":"4sp4vexzbysyrzn","id":"4sp4vexzbysyrzn"},"id":"9gyp96egvxiu22g","previousOperationId":"qagv5gy6p11bdzv"}
{"type":"operationStart","subtype":"engine","name":"handlebars","timestamp":1714444450740,"id":"ltbfaz789ko61g1","previousEventId":"yzqumkni7r5varu","operationId":"bj1t75hp85jczx0","previousOperationId":"qagv5gy6p11bdzv"}
{"type":"log","timestamp":1714444450740,"level":"debug","message":"Rendering engine handlebars","meta":{"rootId":"4sp4vexzbysyrzn","id":"4sp4vexzbysyrzn"},"id":"iw1mcm8gfh5jgpc","previousOperationId":"bj1t75hp85jczx0"}
{"type":"operationEnd","operationId":"bj1t75hp85jczx0","timestamp":1714444451261,"id":"0el4xklt0v4wus3","previousEventId":"ltbfaz789ko61g1","previousOperationId":"bj1t75hp85jczx0"}
{"type":"operationStart","subtype":"recipe","name":"chrome-pdf","timestamp":1714444451262,"id":"oxf73q3r9kxpd5s","previousEventId":"0el4xklt0v4wus3","operationId":"d9l1phk7mezi4a4","previousOperationId":"bj1t75hp85jczx0"}
{"type":"log","timestamp":1714444451262,"level":"debug","message":"Executing recipe chrome-pdf","meta":{"rootId":"4sp4vexzbysyrzn","id":"4sp4vexzbysyrzn"},"id":"yqukomtd2o0xoai","previousOperationId":"d9l1phk7mezi4a4"}
{"type":"log","timestamp":1714444451920,"level":"debug","message":"Converting with chrome Chrome/122.0.6261.111 using chrome-pool strategy","meta":{"rootId":"4sp4vexzbysyrzn","id":"4sp4vexzbysyrzn"},"id":"yxao1a54svxs3pq","previousOperationId":"d9l1phk7mezi4a4"}
{"type":"log","timestamp":1714444452167,"level":"debug","message":"Page request: GET (document) file:///C:/Users/Saksorn/AppData/Local/Temp/jsreport/autocleanup/f80bd425-8184-40fd-b912-5e63c1ec8477-chrome-pdf.html","meta":{"rootId":"4sp4vexzbysyrzn","id":"4sp4vexzbysyrzn"},"id":"2ydwyia99tflgi1","previousOperationId":"d9l1phk7mezi4a4"}
{"type":"log","timestamp":1714444452184,"level":"debug","message":"Page request finished: GET (document) 200 file:///C:/Users/Saksorn/AppData/Local/Temp/jsreport/autocleanup/f80bd425-8184-40fd-b912-5e63c1ec8477-chrome-pdf.html","meta":{"rootId":"4sp4vexzbysyrzn","id":"4sp4vexzbysyrzn"},"id":"pf8fibg7iulnmlo","previousOperationId":"d9l1phk7mezi4a4"}
{"type":"log","timestamp":1714444452195,"level":"debug","message":"Running chrome with params {\"timeout\":59455,\"margin\":{},\"printBackground\":true}","meta":{"rootId":"4sp4vexzbysyrzn","id":"4sp4vexzbysyrzn"},"id":"ttqv9e1f50d7vqk","previousOperationId":"d9l1phk7mezi4a4"}
{"type":"operationEnd","operationId":"d9l1phk7mezi4a4","timestamp":1714444452603,"id":"shufugijf018txs","previousEventId":"oxf73q3r9kxpd5s","previousOperationId":"d9l1phk7mezi4a4"}
{"type":"log","timestamp":1714444452604,"level":"debug","message":"Skipping storing report.","meta":{"rootId":"4sp4vexzbysyrzn","id":"4sp4vexzbysyrzn"},"id":"p1sdq590g8hbny6","previousOperationId":"d9l1phk7mezi4a4"}
{"type":"log","timestamp":1714444452604,"level":"info","message":"Rendering request 2 finished in 1881 ms","meta":{"rootId":"4sp4vexzbysyrzn","id":"4sp4vexzbysyrzn"},"id":"jc3ujoeez9au7bl","previousOperationId":"d9l1phk7mezi4a4"}
{"type":"operationEnd","subtype":"render","operationId":"qagv5gy6p11bdzv","timestamp":1714444452604,"id":"ghgkpnttkr71i99","previousEventId":"shufugijf018txs","previousOperationId":"d9l1phk7mezi4a4"}
{"type":"operationEnd","doDiffs":false,"previousEventId":"3azs3lyhr30h3os","previousOperationId":"ycupawfl196965y","operationId":"ycupawfl196965y","timestamp":1714444452607,"id":"lq02thqlxmdeipz"}
