{"type":"operationStart","subtype":"profile","data":{"_id":"gdhV2nZ4S2DboGpr","timestamp":"2024-04-30T02:33:50.632Z","state":"queued","mode":"standard","creationDate":"2024-04-30T02:33:50.635Z","modificationDate":"2024-04-30T02:33:50.635Z","shortid":"1zAOZQA","$entitySet":"profiles"},"doDiffs":false,"timestamp":1714444430633,"id":"czo0i68fhuykaeb","previousOperationId":null,"operationId":"sinzn8d7gqun27f"}
{"type":"log","level":"info","message":"Render request 1 queued for execution and waiting for available worker","previousOperationId":"sinzn8d7gqun27f","timestamp":1714444430633,"id":"ohq6kny8kqefmus"}
{"type":"operationStart","subtype":"render","name":"shippers-report","previousOperationId":"sinzn8d7gqun27f","timestamp":1714444430656,"id":"dtqloe9blajpa13","previousEventId":"czo0i68fhuykaeb","operationId":"cwxfizy600inyo5"}
{"type":"log","timestamp":1714444430657,"level":"info","message":"Starting rendering request 1","meta":{"rootId":"jkw228ewqtp0v5b","id":"jkw228ewqtp0v5b"},"id":"zazyi6iw6r3cl9n","previousOperationId":"cwxfizy600inyo5"}
{"type":"log","timestamp":1714444430658,"level":"info","message":"Rendering template { name: shippers-report, recipe: chrome-pdf, engine: handlebars, preview: false }","meta":{"rootId":"jkw228ewqtp0v5b","id":"jkw228ewqtp0v5b"},"id":"5hcr7trqvr94f1v","previousOperationId":"cwxfizy600inyo5"}
{"type":"log","timestamp":1714444430661,"level":"debug","message":"Inline data specified.","meta":{"rootId":"jkw228ewqtp0v5b","id":"jkw228ewqtp0v5b"},"id":"yz2fhnzwd7o7cba","previousOperationId":"cwxfizy600inyo5"}
{"type":"log","timestamp":1714444430667,"level":"debug","message":"Base url not specified, skipping its injection.","meta":{"rootId":"jkw228ewqtp0v5b","id":"jkw228ewqtp0v5b"},"id":"0c2o9x5wobjmne2","previousOperationId":"cwxfizy600inyo5"}
{"type":"operationStart","subtype":"engine","name":"handlebars","timestamp":1714444430669,"id":"ac4fgvhgnmc9f8y","previousEventId":"dtqloe9blajpa13","operationId":"9v8g42rvpwz36xa","previousOperationId":"cwxfizy600inyo5"}
{"type":"log","timestamp":1714444430669,"level":"debug","message":"Rendering engine handlebars","meta":{"rootId":"jkw228ewqtp0v5b","id":"jkw228ewqtp0v5b"},"id":"3knpza0n382rv5y","previousOperationId":"9v8g42rvpwz36xa"}
{"type":"operationEnd","operationId":"9v8g42rvpwz36xa","timestamp":1714444431307,"id":"zhw4useafezk297","previousEventId":"ac4fgvhgnmc9f8y","previousOperationId":"9v8g42rvpwz36xa"}
{"type":"operationStart","subtype":"recipe","name":"chrome-pdf","timestamp":1714444431308,"id":"pnbpimeb08c761f","previousEventId":"zhw4useafezk297","operationId":"9ex3rrb8wt0aeh7","previousOperationId":"9v8g42rvpwz36xa"}
{"type":"log","timestamp":1714444431308,"level":"debug","message":"Executing recipe chrome-pdf","meta":{"rootId":"jkw228ewqtp0v5b","id":"jkw228ewqtp0v5b"},"id":"7lkwel5zjkgwsoe","previousOperationId":"9ex3rrb8wt0aeh7"}
{"type":"log","timestamp":1714444432919,"level":"debug","message":"Converting with chrome Chrome/122.0.6261.111 using chrome-pool strategy","meta":{"rootId":"jkw228ewqtp0v5b","id":"jkw228ewqtp0v5b"},"id":"htoby0rc1zm9rse","previousOperationId":"9ex3rrb8wt0aeh7"}
{"type":"log","timestamp":1714444433235,"level":"debug","message":"Page request: GET (document) file:///C:/Users/Saksorn/AppData/Local/Temp/jsreport/autocleanup/89ed593e-2c72-4489-ba24-85d6a646f2be-chrome-pdf.html","meta":{"rootId":"jkw228ewqtp0v5b","id":"jkw228ewqtp0v5b"},"id":"pvzu6qlpso0h83v","previousOperationId":"9ex3rrb8wt0aeh7"}
{"type":"log","timestamp":1714444433260,"level":"debug","message":"Page request finished: GET (document) 200 file:///C:/Users/Saksorn/AppData/Local/Temp/jsreport/autocleanup/89ed593e-2c72-4489-ba24-85d6a646f2be-chrome-pdf.html","meta":{"rootId":"jkw228ewqtp0v5b","id":"jkw228ewqtp0v5b"},"id":"od37fqvscml78h6","previousOperationId":"9ex3rrb8wt0aeh7"}
{"type":"log","timestamp":1714444433272,"level":"debug","message":"Running chrome with params {\"timeout\":59314,\"margin\":{},\"printBackground\":true}","meta":{"rootId":"jkw228ewqtp0v5b","id":"jkw228ewqtp0v5b"},"id":"zzfsv0zjwpg3he1","previousOperationId":"9ex3rrb8wt0aeh7"}
{"type":"operationEnd","operationId":"9ex3rrb8wt0aeh7","timestamp":1714444433548,"id":"t8s84pt9wnkp9p7","previousEventId":"pnbpimeb08c761f","previousOperationId":"9ex3rrb8wt0aeh7"}
{"type":"log","timestamp":1714444433549,"level":"debug","message":"Skipping storing report.","meta":{"rootId":"jkw228ewqtp0v5b","id":"jkw228ewqtp0v5b"},"id":"h3fdt1k7y4iegps","previousOperationId":"9ex3rrb8wt0aeh7"}
{"type":"log","timestamp":1714444433549,"level":"info","message":"Rendering request 1 finished in 2918 ms","meta":{"rootId":"jkw228ewqtp0v5b","id":"jkw228ewqtp0v5b"},"id":"rgqtpv8j2ws0jsi","previousOperationId":"9ex3rrb8wt0aeh7"}
{"type":"operationEnd","subtype":"render","operationId":"cwxfizy600inyo5","timestamp":1714444433549,"id":"xmmb7zq879hqq4o","previousEventId":"t8s84pt9wnkp9p7","previousOperationId":"9ex3rrb8wt0aeh7"}
{"type":"operationEnd","doDiffs":false,"previousEventId":"czo0i68fhuykaeb","previousOperationId":"sinzn8d7gqun27f","operationId":"sinzn8d7gqun27f","timestamp":1714444433554,"id":"59i68paswkvg9kv"}
