{"type":"operationStart","subtype":"profile","data":{"_id":"BOMz14rNSQGg0McL","timestamp":"2024-04-23T13:40:26.139Z","state":"queued","mode":"standard","creationDate":"2024-04-23T13:40:26.148Z","modificationDate":"2024-04-23T13:40:26.148Z","shortid":"DZiy_Wv","$entitySet":"profiles"},"doDiffs":false,"timestamp":1713879626141,"id":"35lqnsdteq9ca7p","previousOperationId":null,"operationId":"15f3tsgne0i2ijg"}
{"type":"log","level":"info","message":"Render request 12 queued for execution and waiting for available worker","previousOperationId":"15f3tsgne0i2ijg","timestamp":1713879626141,"id":"jcgcpue3aa545ib"}
{"type":"operationStart","subtype":"render","name":"shippers-report","previousOperationId":"15f3tsgne0i2ijg","timestamp":1713879626167,"id":"7856yjmnkg3ddd9","previousEventId":"35lqnsdteq9ca7p","operationId":"bg1mi6p7mko05ga"}
{"type":"log","timestamp":1713879626168,"level":"info","message":"Starting rendering request 12","meta":{"rootId":"mjkbnm9adhpov4p","id":"mjkbnm9adhpov4p"},"id":"la09ungsx70kkxt","previousOperationId":"bg1mi6p7mko05ga"}
{"type":"log","timestamp":1713879626169,"level":"info","message":"Rendering template { name: shippers-report, recipe: chrome-pdf, engine: handlebars, preview: false }","meta":{"rootId":"mjkbnm9adhpov4p","id":"mjkbnm9adhpov4p"},"id":"nhemerwhoubftup","previousOperationId":"bg1mi6p7mko05ga"}
{"type":"log","timestamp":1713879626171,"level":"debug","message":"Inline data specified.","meta":{"rootId":"mjkbnm9adhpov4p","id":"mjkbnm9adhpov4p"},"id":"z2iaw7soj1o9vnj","previousOperationId":"bg1mi6p7mko05ga"}
{"type":"log","timestamp":1713879626173,"level":"debug","message":"Base url not specified, skipping its injection.","meta":{"rootId":"mjkbnm9adhpov4p","id":"mjkbnm9adhpov4p"},"id":"hojdhbavdkzzxgr","previousOperationId":"bg1mi6p7mko05ga"}
{"type":"operationStart","subtype":"engine","name":"handlebars","timestamp":1713879626174,"id":"8806opm1kb5z4wi","previousEventId":"7856yjmnkg3ddd9","operationId":"v6r3xn0vuwuhrye","previousOperationId":"bg1mi6p7mko05ga"}
{"type":"log","timestamp":1713879626175,"level":"debug","message":"Rendering engine handlebars","meta":{"rootId":"mjkbnm9adhpov4p","id":"mjkbnm9adhpov4p"},"id":"telzrhgrogj4max","previousOperationId":"v6r3xn0vuwuhrye"}
{"type":"operationEnd","operationId":"v6r3xn0vuwuhrye","timestamp":1713879626194,"id":"dlorkg4twuh2zkv","previousEventId":"8806opm1kb5z4wi","previousOperationId":"v6r3xn0vuwuhrye"}
{"type":"operationStart","subtype":"recipe","name":"chrome-pdf","timestamp":1713879626194,"id":"etnmf28njcirbpk","previousEventId":"dlorkg4twuh2zkv","operationId":"bm1rr02etrf807a","previousOperationId":"v6r3xn0vuwuhrye"}
{"type":"log","timestamp":1713879626194,"level":"debug","message":"Executing recipe chrome-pdf","meta":{"rootId":"mjkbnm9adhpov4p","id":"mjkbnm9adhpov4p"},"id":"w18471ztrwyit22","previousOperationId":"bm1rr02etrf807a"}
{"type":"log","timestamp":1713879626898,"level":"debug","message":"Converting with chrome Chrome/122.0.6261.111 using chrome-pool strategy","meta":{"rootId":"mjkbnm9adhpov4p","id":"mjkbnm9adhpov4p"},"id":"3zok00q4tpbfp78","previousOperationId":"bm1rr02etrf807a"}
{"type":"log","timestamp":1713879627153,"level":"debug","message":"Page request: GET (document) file:///C:/Users/Saksorn/AppData/Local/Temp/jsreport/autocleanup/86160a3a-08aa-4c16-ba14-2275f8246067-chrome-pdf.html","meta":{"rootId":"mjkbnm9adhpov4p","id":"mjkbnm9adhpov4p"},"id":"gult136wgnjai3c","previousOperationId":"bm1rr02etrf807a"}
{"type":"log","timestamp":1713879627174,"level":"debug","message":"Page request finished: GET (document) 200 file:///C:/Users/Saksorn/AppData/Local/Temp/jsreport/autocleanup/86160a3a-08aa-4c16-ba14-2275f8246067-chrome-pdf.html","meta":{"rootId":"mjkbnm9adhpov4p","id":"mjkbnm9adhpov4p"},"id":"h5p3ullue5kxcy1","previousOperationId":"bm1rr02etrf807a"}
{"type":"log","timestamp":1713879627186,"level":"debug","message":"Running chrome with params {\"timeout\":59939,\"margin\":{},\"printBackground\":true}","meta":{"rootId":"mjkbnm9adhpov4p","id":"mjkbnm9adhpov4p"},"id":"jyqa7z883clxcwb","previousOperationId":"bm1rr02etrf807a"}
{"type":"operationEnd","operationId":"bm1rr02etrf807a","timestamp":1713879627357,"id":"i1i5w9cf6qdsmjd","previousEventId":"etnmf28njcirbpk","previousOperationId":"bm1rr02etrf807a"}
{"type":"log","timestamp":1713879627357,"level":"debug","message":"Skipping storing report.","meta":{"rootId":"mjkbnm9adhpov4p","id":"mjkbnm9adhpov4p"},"id":"ey2z3mnsr3f9ffd","previousOperationId":"bm1rr02etrf807a"}
{"type":"log","timestamp":1713879627357,"level":"info","message":"Rendering request 12 finished in 1220 ms","meta":{"rootId":"mjkbnm9adhpov4p","id":"mjkbnm9adhpov4p"},"id":"uj99l2b9ntn5h08","previousOperationId":"bm1rr02etrf807a"}
{"type":"operationEnd","subtype":"render","operationId":"bg1mi6p7mko05ga","timestamp":1713879627357,"id":"fi6mz23n75kc2re","previousEventId":"i1i5w9cf6qdsmjd","previousOperationId":"bm1rr02etrf807a"}
{"type":"operationEnd","doDiffs":false,"previousEventId":"35lqnsdteq9ca7p","previousOperationId":"15f3tsgne0i2ijg","operationId":"15f3tsgne0i2ijg","timestamp":1713879627359,"id":"mltab0gqggrrqjh"}
