{"type":"operationStart","subtype":"profile","data":{"_id":"pnFitmu9u6G1PN0j","timestamp":"2024-04-23T06:57:46.099Z","state":"queued","mode":"standard","creationDate":"2024-04-23T06:57:46.101Z","modificationDate":"2024-04-23T06:57:46.101Z","shortid":"wFA7F8O","$entitySet":"profiles"},"doDiffs":false,"timestamp":1713855466100,"id":"lsx1keqsqg98vip","previousOperationId":null,"operationId":"eleedc724kydah8"}
{"type":"log","level":"info","message":"Render request 11 queued for execution and waiting for available worker","previousOperationId":"eleedc724kydah8","timestamp":1713855466100,"id":"tomdotx0cze1wuq"}
{"type":"operationStart","subtype":"render","name":"shippers-report","previousOperationId":"eleedc724kydah8","timestamp":1713855466105,"id":"vrz3bcasp9zmel6","previousEventId":"lsx1keqsqg98vip","operationId":"ao14f5fmvz0icxz"}
{"type":"log","timestamp":1713855466105,"level":"info","message":"Starting rendering request 11","meta":{"rootId":"nun1xvtqv9wyowb","id":"nun1xvtqv9wyowb"},"id":"6xozpkafv39ljak","previousOperationId":"ao14f5fmvz0icxz"}
{"type":"log","timestamp":1713855466105,"level":"info","message":"Rendering template { name: shippers-report, recipe: chrome-pdf, engine: handlebars, preview: false }","meta":{"rootId":"nun1xvtqv9wyowb","id":"nun1xvtqv9wyowb"},"id":"tl5jlq8s0xkdpgj","previousOperationId":"ao14f5fmvz0icxz"}
{"type":"log","timestamp":1713855466106,"level":"debug","message":"Inline data specified.","meta":{"rootId":"nun1xvtqv9wyowb","id":"nun1xvtqv9wyowb"},"id":"9wbaapb8p77il55","previousOperationId":"ao14f5fmvz0icxz"}
{"type":"log","timestamp":1713855466107,"level":"debug","message":"Base url not specified, skipping its injection.","meta":{"rootId":"nun1xvtqv9wyowb","id":"nun1xvtqv9wyowb"},"id":"6t48n210lbojqft","previousOperationId":"ao14f5fmvz0icxz"}
{"type":"operationStart","subtype":"engine","name":"handlebars","timestamp":1713855466107,"id":"7vd04t9tloit4fq","previousEventId":"vrz3bcasp9zmel6","operationId":"ihra62wgnbea5pc","previousOperationId":"ao14f5fmvz0icxz"}
{"type":"log","timestamp":1713855466107,"level":"debug","message":"Rendering engine handlebars","meta":{"rootId":"nun1xvtqv9wyowb","id":"nun1xvtqv9wyowb"},"id":"09h194ax862xfmo","previousOperationId":"ihra62wgnbea5pc"}
{"type":"operationEnd","operationId":"ihra62wgnbea5pc","timestamp":1713855466114,"id":"4afmmigzy7cxr78","previousEventId":"7vd04t9tloit4fq","previousOperationId":"ihra62wgnbea5pc"}
{"type":"operationStart","subtype":"recipe","name":"chrome-pdf","timestamp":1713855466114,"id":"gcu6550y26q2bj6","previousEventId":"4afmmigzy7cxr78","operationId":"h1uj5lv3rz9cvof","previousOperationId":"ihra62wgnbea5pc"}
{"type":"log","timestamp":1713855466114,"level":"debug","message":"Executing recipe chrome-pdf","meta":{"rootId":"nun1xvtqv9wyowb","id":"nun1xvtqv9wyowb"},"id":"m3cdoltlsa106sq","previousOperationId":"h1uj5lv3rz9cvof"}
{"type":"log","timestamp":1713855466115,"level":"debug","message":"Converting with chrome Chrome/122.0.6261.111 using chrome-pool strategy","meta":{"rootId":"nun1xvtqv9wyowb","id":"nun1xvtqv9wyowb"},"id":"dztt6x1ovxrb5sc","previousOperationId":"h1uj5lv3rz9cvof"}
{"type":"log","timestamp":1713855466152,"level":"debug","message":"Page request: GET (document) file:///C:/Users/Saksorn/AppData/Local/Temp/jsreport/autocleanup/6d3c1891-2399-4772-ba0d-98d55fd2a31d-chrome-pdf.html","meta":{"rootId":"nun1xvtqv9wyowb","id":"nun1xvtqv9wyowb"},"id":"r5dbrmax2v9vcvb","previousOperationId":"h1uj5lv3rz9cvof"}
{"type":"log","timestamp":1713855466164,"level":"debug","message":"Page request finished: GET (document) 200 file:///C:/Users/Saksorn/AppData/Local/Temp/jsreport/autocleanup/6d3c1891-2399-4772-ba0d-98d55fd2a31d-chrome-pdf.html","meta":{"rootId":"nun1xvtqv9wyowb","id":"nun1xvtqv9wyowb"},"id":"eqexvufln89ifny","previousOperationId":"h1uj5lv3rz9cvof"}
{"type":"log","timestamp":1713855466173,"level":"debug","message":"Running chrome with params {\"timeout\":59984,\"margin\":{},\"printBackground\":true}","meta":{"rootId":"nun1xvtqv9wyowb","id":"nun1xvtqv9wyowb"},"id":"mdq4txxoi8n052n","previousOperationId":"h1uj5lv3rz9cvof"}
{"type":"operationEnd","operationId":"h1uj5lv3rz9cvof","timestamp":1713855466298,"id":"zafe7bloi0gqbpw","previousEventId":"gcu6550y26q2bj6","previousOperationId":"h1uj5lv3rz9cvof"}
{"type":"log","timestamp":1713855466298,"level":"debug","message":"Skipping storing report.","meta":{"rootId":"nun1xvtqv9wyowb","id":"nun1xvtqv9wyowb"},"id":"fx0jjzb0n3apybn","previousOperationId":"h1uj5lv3rz9cvof"}
{"type":"log","timestamp":1713855466298,"level":"info","message":"Rendering request 11 finished in 199 ms","meta":{"rootId":"nun1xvtqv9wyowb","id":"nun1xvtqv9wyowb"},"id":"5qunx34gq02j4l9","previousOperationId":"h1uj5lv3rz9cvof"}
{"type":"operationEnd","subtype":"render","operationId":"ao14f5fmvz0icxz","timestamp":1713855466298,"id":"005c5x0tyfddzrm","previousEventId":"zafe7bloi0gqbpw","previousOperationId":"h1uj5lv3rz9cvof"}
{"type":"operationEnd","doDiffs":false,"previousEventId":"lsx1keqsqg98vip","previousOperationId":"eleedc724kydah8","operationId":"eleedc724kydah8","timestamp":1713855466300,"id":"v11mvo3fpk738oy"}
