{"type":"operationStart","subtype":"profile","data":{"_id":"KD1E7J3cmQ32WgFh","timestamp":"2024-04-23T13:47:26.095Z","state":"queued","mode":"standard","creationDate":"2024-04-23T13:47:26.097Z","modificationDate":"2024-04-23T13:47:26.097Z","shortid":"Ur77x-0","$entitySet":"profiles"},"doDiffs":false,"timestamp":1713880046096,"id":"bbsvzw2sp1wvz3e","previousOperationId":null,"operationId":"z8bpmih9c6ozmu5"}
{"type":"log","level":"info","message":"Render request 13 queued for execution and waiting for available worker","previousOperationId":"z8bpmih9c6ozmu5","timestamp":1713880046096,"id":"nryvit7eynjedv1"}
{"type":"operationStart","subtype":"render","name":"shippers-report","previousOperationId":"z8bpmih9c6ozmu5","timestamp":1713880046114,"id":"47equr2vst2kz6o","previousEventId":"bbsvzw2sp1wvz3e","operationId":"37wrwtfdzl1zz4a"}
{"type":"log","timestamp":1713880046115,"level":"info","message":"Starting rendering request 13","meta":{"rootId":"oe796372nj6h4zj","id":"oe796372nj6h4zj"},"id":"lspr540nzleh91h","previousOperationId":"37wrwtfdzl1zz4a"}
{"type":"log","timestamp":1713880046116,"level":"info","message":"Rendering template { name: shippers-report, recipe: chrome-pdf, engine: handlebars, preview: false }","meta":{"rootId":"oe796372nj6h4zj","id":"oe796372nj6h4zj"},"id":"vnzmdq79tq6h49o","previousOperationId":"37wrwtfdzl1zz4a"}
{"type":"log","timestamp":1713880046118,"level":"debug","message":"Inline data specified.","meta":{"rootId":"oe796372nj6h4zj","id":"oe796372nj6h4zj"},"id":"q4c80o29uaqfiw3","previousOperationId":"37wrwtfdzl1zz4a"}
{"type":"log","timestamp":1713880046120,"level":"debug","message":"Base url not specified, skipping its injection.","meta":{"rootId":"oe796372nj6h4zj","id":"oe796372nj6h4zj"},"id":"v3mnklevf70rcn0","previousOperationId":"37wrwtfdzl1zz4a"}
{"type":"operationStart","subtype":"engine","name":"handlebars","timestamp":1713880046122,"id":"miwyap7jtnw3zyc","previousEventId":"47equr2vst2kz6o","operationId":"scnf8c8aknjag7r","previousOperationId":"37wrwtfdzl1zz4a"}
{"type":"log","timestamp":1713880046122,"level":"debug","message":"Rendering engine handlebars","meta":{"rootId":"oe796372nj6h4zj","id":"oe796372nj6h4zj"},"id":"rdps41pnjesoodx","previousOperationId":"scnf8c8aknjag7r"}
{"type":"operationEnd","operationId":"scnf8c8aknjag7r","timestamp":1713880046143,"id":"p9d0rnkb3hmzqn3","previousEventId":"miwyap7jtnw3zyc","previousOperationId":"scnf8c8aknjag7r"}
{"type":"operationStart","subtype":"recipe","name":"chrome-pdf","timestamp":1713880046143,"id":"590cobht8arsni7","previousEventId":"p9d0rnkb3hmzqn3","operationId":"awvk0nh8lghidp2","previousOperationId":"scnf8c8aknjag7r"}
{"type":"log","timestamp":1713880046143,"level":"debug","message":"Executing recipe chrome-pdf","meta":{"rootId":"oe796372nj6h4zj","id":"oe796372nj6h4zj"},"id":"0s1lfgs0tcrusau","previousOperationId":"awvk0nh8lghidp2"}
{"type":"log","timestamp":1713880046630,"level":"debug","message":"Converting with chrome Chrome/122.0.6261.111 using chrome-pool strategy","meta":{"rootId":"oe796372nj6h4zj","id":"oe796372nj6h4zj"},"id":"z5cnahqt3pmc0t7","previousOperationId":"awvk0nh8lghidp2"}
{"type":"log","timestamp":1713880046713,"level":"debug","message":"Page request: GET (document) file:///C:/Users/Saksorn/AppData/Local/Temp/jsreport/autocleanup/a5e4e5b0-7feb-4eee-a0bc-beb68b4dc62f-chrome-pdf.html","meta":{"rootId":"oe796372nj6h4zj","id":"oe796372nj6h4zj"},"id":"i9tv2mw930kf345","previousOperationId":"awvk0nh8lghidp2"}
{"type":"log","timestamp":1713880046739,"level":"debug","message":"Page request finished: GET (document) 200 file:///C:/Users/Saksorn/AppData/Local/Temp/jsreport/autocleanup/a5e4e5b0-7feb-4eee-a0bc-beb68b4dc62f-chrome-pdf.html","meta":{"rootId":"oe796372nj6h4zj","id":"oe796372nj6h4zj"},"id":"7k4w8qty28iicjq","previousOperationId":"awvk0nh8lghidp2"}
{"type":"log","timestamp":1713880046746,"level":"debug","message":"Running chrome with params {\"timeout\":59949,\"margin\":{},\"printBackground\":true}","meta":{"rootId":"oe796372nj6h4zj","id":"oe796372nj6h4zj"},"id":"ylagskk99hgrw2j","previousOperationId":"awvk0nh8lghidp2"}
{"type":"operationEnd","operationId":"awvk0nh8lghidp2","timestamp":1713880046914,"id":"li7gnp4ikqosj60","previousEventId":"590cobht8arsni7","previousOperationId":"awvk0nh8lghidp2"}
{"type":"log","timestamp":1713880046914,"level":"debug","message":"Skipping storing report.","meta":{"rootId":"oe796372nj6h4zj","id":"oe796372nj6h4zj"},"id":"cxdtvzhd06lzqxf","previousOperationId":"awvk0nh8lghidp2"}
{"type":"log","timestamp":1713880046914,"level":"info","message":"Rendering request 13 finished in 819 ms","meta":{"rootId":"oe796372nj6h4zj","id":"oe796372nj6h4zj"},"id":"4xfxzra7v950947","previousOperationId":"awvk0nh8lghidp2"}
{"type":"operationEnd","subtype":"render","operationId":"37wrwtfdzl1zz4a","timestamp":1713880046914,"id":"xlb16n3i174i5v0","previousEventId":"li7gnp4ikqosj60","previousOperationId":"awvk0nh8lghidp2"}
{"type":"operationEnd","doDiffs":false,"previousEventId":"bbsvzw2sp1wvz3e","previousOperationId":"z8bpmih9c6ozmu5","operationId":"z8bpmih9c6ozmu5","timestamp":1713880046916,"id":"u0smv4yk1kcztr6"}
