{"type":"operationStart","subtype":"profile","data":{"_id":"AOuaXUtaADJes6Be","timestamp":"2024-04-23T06:54:20.767Z","state":"queued","mode":"standard","creationDate":"2024-04-23T06:54:20.769Z","modificationDate":"2024-04-23T06:54:20.769Z","shortid":"qMqF0uv","$entitySet":"profiles"},"doDiffs":false,"timestamp":1713855260768,"id":"c3r9nxytwonpn2v","previousOperationId":null,"operationId":"i9tzum1u7w5wz6i"}
{"type":"log","level":"info","message":"Render request 9 queued for execution and waiting for available worker","previousOperationId":"i9tzum1u7w5wz6i","timestamp":1713855260768,"id":"tq7hgqfu0mgw7cr"}
{"type":"operationStart","subtype":"render","name":"shippers-report","previousOperationId":"i9tzum1u7w5wz6i","timestamp":1713855260773,"id":"uwl1uodcl4rbni3","previousEventId":"c3r9nxytwonpn2v","operationId":"2iy7buavk92665o"}
{"type":"log","timestamp":1713855260773,"level":"info","message":"Starting rendering request 9","meta":{"rootId":"oikpztdttywqm8e","id":"oikpztdttywqm8e"},"id":"hfkn7rbmhm11l83","previousOperationId":"2iy7buavk92665o"}
{"type":"log","timestamp":1713855260773,"level":"info","message":"Rendering template { name: shippers-report, recipe: chrome-pdf, engine: handlebars, preview: false }","meta":{"rootId":"oikpztdttywqm8e","id":"oikpztdttywqm8e"},"id":"idujazefvvzdvvi","previousOperationId":"2iy7buavk92665o"}
{"type":"log","timestamp":1713855260774,"level":"debug","message":"Inline data specified.","meta":{"rootId":"oikpztdttywqm8e","id":"oikpztdttywqm8e"},"id":"pnsdvaemef9scwb","previousOperationId":"2iy7buavk92665o"}
{"type":"log","timestamp":1713855260776,"level":"debug","message":"Base url not specified, skipping its injection.","meta":{"rootId":"oikpztdttywqm8e","id":"oikpztdttywqm8e"},"id":"woxfaxm7zkjie70","previousOperationId":"2iy7buavk92665o"}
{"type":"operationStart","subtype":"engine","name":"handlebars","timestamp":1713855260776,"id":"kisc7i6dvzkalio","previousEventId":"uwl1uodcl4rbni3","operationId":"44271udntl4neb1","previousOperationId":"2iy7buavk92665o"}
{"type":"log","timestamp":1713855260776,"level":"debug","message":"Rendering engine handlebars","meta":{"rootId":"oikpztdttywqm8e","id":"oikpztdttywqm8e"},"id":"dqbxs9upwhw332s","previousOperationId":"44271udntl4neb1"}
{"type":"operationEnd","operationId":"44271udntl4neb1","timestamp":1713855260784,"id":"y3qzqqt9s2uwo5t","previousEventId":"kisc7i6dvzkalio","previousOperationId":"44271udntl4neb1"}
{"type":"operationStart","subtype":"recipe","name":"chrome-pdf","timestamp":1713855260784,"id":"ucb5g61np3juzrc","previousEventId":"y3qzqqt9s2uwo5t","operationId":"j9zeld92c32hov8","previousOperationId":"44271udntl4neb1"}
{"type":"log","timestamp":1713855260784,"level":"debug","message":"Executing recipe chrome-pdf","meta":{"rootId":"oikpztdttywqm8e","id":"oikpztdttywqm8e"},"id":"0w5mvt6e0vt0iwq","previousOperationId":"j9zeld92c32hov8"}
{"type":"log","timestamp":1713855261891,"level":"debug","message":"Converting with chrome Chrome/122.0.6261.111 using chrome-pool strategy","meta":{"rootId":"oikpztdttywqm8e","id":"oikpztdttywqm8e"},"id":"d1bo9ygs2el751y","previousOperationId":"j9zeld92c32hov8"}
{"type":"log","timestamp":1713855262130,"level":"debug","message":"Page request: GET (document) file:///C:/Users/Saksorn/AppData/Local/Temp/jsreport/autocleanup/1d02a70d-01f4-434d-8006-7f64da9d02fc-chrome-pdf.html","meta":{"rootId":"oikpztdttywqm8e","id":"oikpztdttywqm8e"},"id":"welhylf77b8q8sw","previousOperationId":"j9zeld92c32hov8"}
{"type":"log","timestamp":1713855262145,"level":"debug","message":"Page request finished: GET (document) 200 file:///C:/Users/Saksorn/AppData/Local/Temp/jsreport/autocleanup/1d02a70d-01f4-434d-8006-7f64da9d02fc-chrome-pdf.html","meta":{"rootId":"oikpztdttywqm8e","id":"oikpztdttywqm8e"},"id":"gc65dkpvnvwhesg","previousOperationId":"j9zeld92c32hov8"}
{"type":"log","timestamp":1713855262153,"level":"debug","message":"Running chrome with params {\"timeout\":59976,\"margin\":{},\"printBackground\":true}","meta":{"rootId":"oikpztdttywqm8e","id":"oikpztdttywqm8e"},"id":"ohq5yquyvzvf3os","previousOperationId":"j9zeld92c32hov8"}
{"type":"operationEnd","operationId":"j9zeld92c32hov8","timestamp":1713855262301,"id":"gx9zvo6j2s2zlj0","previousEventId":"ucb5g61np3juzrc","previousOperationId":"j9zeld92c32hov8"}
{"type":"log","timestamp":1713855262302,"level":"debug","message":"Skipping storing report.","meta":{"rootId":"oikpztdttywqm8e","id":"oikpztdttywqm8e"},"id":"5h183mpmtee8u3n","previousOperationId":"j9zeld92c32hov8"}
{"type":"log","timestamp":1713855262302,"level":"info","message":"Rendering request 9 finished in 1535 ms","meta":{"rootId":"oikpztdttywqm8e","id":"oikpztdttywqm8e"},"id":"ruxfklrntp6mu5e","previousOperationId":"j9zeld92c32hov8"}
{"type":"operationEnd","subtype":"render","operationId":"2iy7buavk92665o","timestamp":1713855262302,"id":"8god3pmmd7g7tc3","previousEventId":"gx9zvo6j2s2zlj0","previousOperationId":"j9zeld92c32hov8"}
{"type":"operationEnd","doDiffs":false,"previousEventId":"c3r9nxytwonpn2v","previousOperationId":"i9tzum1u7w5wz6i","operationId":"i9tzum1u7w5wz6i","timestamp":1713855262304,"id":"ffuciaqcj9fymau"}
