{"type":"operationStart","subtype":"profile","data":{"_id":"rQysi9FBTwS1OjhG","timestamp":"2024-04-30T02:34:24.855Z","state":"queued","mode":"standard","creationDate":"2024-04-30T02:34:24.857Z","modificationDate":"2024-04-30T02:34:24.857Z","shortid":"ADuplrl","$entitySet":"profiles"},"doDiffs":false,"timestamp":1714444464856,"id":"y4mb968bn8ask5l","previousOperationId":null,"operationId":"6qdtp01rtnh1puh"}
{"type":"log","level":"info","message":"Render request 3 queued for execution and waiting for available worker","previousOperationId":"6qdtp01rtnh1puh","timestamp":1714444464856,"id":"z4z8tyrgbco3a82"}
{"type":"operationStart","subtype":"render","name":"shippers-report","previousOperationId":"6qdtp01rtnh1puh","timestamp":1714444464866,"id":"5krahtq7lddvw3d","previousEventId":"y4mb968bn8ask5l","operationId":"oebat5te76doqqh"}
{"type":"log","timestamp":1714444464867,"level":"info","message":"Starting rendering request 3","meta":{"rootId":"ss83g880l8i4fz6","id":"ss83g880l8i4fz6"},"id":"591wu14y6nx6t71","previousOperationId":"oebat5te76doqqh"}
{"type":"log","timestamp":1714444464867,"level":"info","message":"Rendering template { name: shippers-report, recipe: chrome-pdf, engine: handlebars, preview: false }","meta":{"rootId":"ss83g880l8i4fz6","id":"ss83g880l8i4fz6"},"id":"jz9aasndyd71lin","previousOperationId":"oebat5te76doqqh"}
{"type":"log","timestamp":1714444464868,"level":"debug","message":"Inline data specified.","meta":{"rootId":"ss83g880l8i4fz6","id":"ss83g880l8i4fz6"},"id":"5h28wkbaw0mvcwj","previousOperationId":"oebat5te76doqqh"}
{"type":"log","timestamp":1714444464871,"level":"debug","message":"Base url not specified, skipping its injection.","meta":{"rootId":"ss83g880l8i4fz6","id":"ss83g880l8i4fz6"},"id":"1j0rm1ptdp06hl7","previousOperationId":"oebat5te76doqqh"}
{"type":"operationStart","subtype":"engine","name":"handlebars","timestamp":1714444464871,"id":"olr5cwi9wspqemj","previousEventId":"5krahtq7lddvw3d","operationId":"sa9t16nncnuoo0s","previousOperationId":"oebat5te76doqqh"}
{"type":"log","timestamp":1714444464871,"level":"debug","message":"Rendering engine handlebars","meta":{"rootId":"ss83g880l8i4fz6","id":"ss83g880l8i4fz6"},"id":"3iyukiglac0lba9","previousOperationId":"sa9t16nncnuoo0s"}
{"type":"operationEnd","operationId":"sa9t16nncnuoo0s","timestamp":1714444464888,"id":"qu3r0erpsbb7fxe","previousEventId":"olr5cwi9wspqemj","previousOperationId":"sa9t16nncnuoo0s"}
{"type":"operationStart","subtype":"recipe","name":"chrome-pdf","timestamp":1714444464888,"id":"aqf0fyh5mzk995x","previousEventId":"qu3r0erpsbb7fxe","operationId":"lhktr4atlzpaanq","previousOperationId":"sa9t16nncnuoo0s"}
{"type":"log","timestamp":1714444464888,"level":"debug","message":"Executing recipe chrome-pdf","meta":{"rootId":"ss83g880l8i4fz6","id":"ss83g880l8i4fz6"},"id":"gzb32hbmvwyaanr","previousOperationId":"lhktr4atlzpaanq"}
{"type":"log","timestamp":1714444464893,"level":"debug","message":"Converting with chrome Chrome/122.0.6261.111 using chrome-pool strategy","meta":{"rootId":"ss83g880l8i4fz6","id":"ss83g880l8i4fz6"},"id":"25fd9tzy6el0sjm","previousOperationId":"lhktr4atlzpaanq"}
{"type":"log","timestamp":1714444465035,"level":"debug","message":"Page request: GET (document) file:///C:/Users/Saksorn/AppData/Local/Temp/jsreport/autocleanup/85591be6-afc9-4e13-a12c-78a805427300-chrome-pdf.html","meta":{"rootId":"ss83g880l8i4fz6","id":"ss83g880l8i4fz6"},"id":"qa1wpvlzzd7qpnn","previousOperationId":"lhktr4atlzpaanq"}
{"type":"log","timestamp":1714444465063,"level":"debug","message":"Page request finished: GET (document) 200 file:///C:/Users/Saksorn/AppData/Local/Temp/jsreport/autocleanup/85591be6-afc9-4e13-a12c-78a805427300-chrome-pdf.html","meta":{"rootId":"ss83g880l8i4fz6","id":"ss83g880l8i4fz6"},"id":"fx41ughhm2w5zwx","previousOperationId":"lhktr4atlzpaanq"}
{"type":"log","timestamp":1714444465075,"level":"debug","message":"Running chrome with params {\"timeout\":59964,\"margin\":{},\"printBackground\":true}","meta":{"rootId":"ss83g880l8i4fz6","id":"ss83g880l8i4fz6"},"id":"4vexqrv6zws9r6e","previousOperationId":"lhktr4atlzpaanq"}
{"type":"operationEnd","operationId":"lhktr4atlzpaanq","timestamp":1714444465416,"id":"iyslz18ug21jxm5","previousEventId":"aqf0fyh5mzk995x","previousOperationId":"lhktr4atlzpaanq"}
{"type":"log","timestamp":1714444465416,"level":"debug","message":"Skipping storing report.","meta":{"rootId":"ss83g880l8i4fz6","id":"ss83g880l8i4fz6"},"id":"ju5m3pm0q55unrl","previousOperationId":"lhktr4atlzpaanq"}
{"type":"log","timestamp":1714444465416,"level":"info","message":"Rendering request 3 finished in 562 ms","meta":{"rootId":"ss83g880l8i4fz6","id":"ss83g880l8i4fz6"},"id":"6pgix5b4pbt9be2","previousOperationId":"lhktr4atlzpaanq"}
{"type":"operationEnd","subtype":"render","operationId":"oebat5te76doqqh","timestamp":1714444465416,"id":"txdblvyoszdll4c","previousEventId":"iyslz18ug21jxm5","previousOperationId":"lhktr4atlzpaanq"}
{"type":"operationEnd","doDiffs":false,"previousEventId":"y4mb968bn8ask5l","previousOperationId":"6qdtp01rtnh1puh","operationId":"6qdtp01rtnh1puh","timestamp":1714444465418,"id":"y0rds7ld1fl50g1"}
