{"type":"operationStart","subtype":"profile","data":{"_id":"qDcjW2ortJ1ted52","timestamp":"2024-04-23T06:54:39.311Z","state":"queued","mode":"standard","creationDate":"2024-04-23T06:54:39.313Z","modificationDate":"2024-04-23T06:54:39.313Z","shortid":"k7HbV5l","$entitySet":"profiles"},"doDiffs":false,"timestamp":1713855279312,"id":"u658v088fqnliyn","previousOperationId":null,"operationId":"gsqhxo0asq6slqz"}
{"type":"log","level":"info","message":"Render request 10 queued for execution and waiting for available worker","previousOperationId":"gsqhxo0asq6slqz","timestamp":1713855279312,"id":"sne1ztolud3hvr0"}
{"type":"operationStart","subtype":"render","name":"shippers-report","previousOperationId":"gsqhxo0asq6slqz","timestamp":1713855279319,"id":"n942vnmcb9iksj8","previousEventId":"u658v088fqnliyn","operationId":"x0nuvtlhi703jn0"}
{"type":"log","timestamp":1713855279319,"level":"info","message":"Starting rendering request 10","meta":{"rootId":"tkmlb91y3h0g9p6","id":"tkmlb91y3h0g9p6"},"id":"bhpa8htmtzcqrfc","previousOperationId":"x0nuvtlhi703jn0"}
{"type":"log","timestamp":1713855279319,"level":"info","message":"Rendering template { name: shippers-report, recipe: chrome-pdf, engine: handlebars, preview: false }","meta":{"rootId":"tkmlb91y3h0g9p6","id":"tkmlb91y3h0g9p6"},"id":"kqdj1hkuhkruskp","previousOperationId":"x0nuvtlhi703jn0"}
{"type":"log","timestamp":1713855279320,"level":"debug","message":"Inline data specified.","meta":{"rootId":"tkmlb91y3h0g9p6","id":"tkmlb91y3h0g9p6"},"id":"s1qym6si0ptzecz","previousOperationId":"x0nuvtlhi703jn0"}
{"type":"log","timestamp":1713855279321,"level":"debug","message":"Base url not specified, skipping its injection.","meta":{"rootId":"tkmlb91y3h0g9p6","id":"tkmlb91y3h0g9p6"},"id":"8ndzlbvu5z3h4mf","previousOperationId":"x0nuvtlhi703jn0"}
{"type":"operationStart","subtype":"engine","name":"handlebars","timestamp":1713855279321,"id":"9fslorz9agk32uc","previousEventId":"n942vnmcb9iksj8","operationId":"h3g6qqk7jghs4zb","previousOperationId":"x0nuvtlhi703jn0"}
{"type":"log","timestamp":1713855279321,"level":"debug","message":"Rendering engine handlebars","meta":{"rootId":"tkmlb91y3h0g9p6","id":"tkmlb91y3h0g9p6"},"id":"1s85vfawh7lzevy","previousOperationId":"h3g6qqk7jghs4zb"}
{"type":"operationEnd","operationId":"h3g6qqk7jghs4zb","timestamp":1713855279329,"id":"8nyhq0mwzhiaclh","previousEventId":"9fslorz9agk32uc","previousOperationId":"h3g6qqk7jghs4zb"}
{"type":"operationStart","subtype":"recipe","name":"chrome-pdf","timestamp":1713855279329,"id":"uggcn1hindz74gf","previousEventId":"8nyhq0mwzhiaclh","operationId":"ff0qut1qrxww200","previousOperationId":"h3g6qqk7jghs4zb"}
{"type":"log","timestamp":1713855279329,"level":"debug","message":"Executing recipe chrome-pdf","meta":{"rootId":"tkmlb91y3h0g9p6","id":"tkmlb91y3h0g9p6"},"id":"5094yyjcgm9200m","previousOperationId":"ff0qut1qrxww200"}
{"type":"log","timestamp":1713855279636,"level":"debug","message":"Converting with chrome Chrome/122.0.6261.111 using chrome-pool strategy","meta":{"rootId":"tkmlb91y3h0g9p6","id":"tkmlb91y3h0g9p6"},"id":"34x2gvyejc29pq2","previousOperationId":"ff0qut1qrxww200"}
{"type":"log","timestamp":1713855279709,"level":"debug","message":"Page request: GET (document) file:///C:/Users/Saksorn/AppData/Local/Temp/jsreport/autocleanup/7b4aa4a9-278e-46ae-80d9-a3942cb8d463-chrome-pdf.html","meta":{"rootId":"tkmlb91y3h0g9p6","id":"tkmlb91y3h0g9p6"},"id":"1ccz8br6sddhzho","previousOperationId":"ff0qut1qrxww200"}
{"type":"log","timestamp":1713855279726,"level":"debug","message":"Page request finished: GET (document) 200 file:///C:/Users/Saksorn/AppData/Local/Temp/jsreport/autocleanup/7b4aa4a9-278e-46ae-80d9-a3942cb8d463-chrome-pdf.html","meta":{"rootId":"tkmlb91y3h0g9p6","id":"tkmlb91y3h0g9p6"},"id":"c0rpa6543y3x06m","previousOperationId":"ff0qut1qrxww200"}
{"type":"log","timestamp":1713855279735,"level":"debug","message":"Running chrome with params {\"timeout\":59976,\"margin\":{},\"printBackground\":true}","meta":{"rootId":"tkmlb91y3h0g9p6","id":"tkmlb91y3h0g9p6"},"id":"no1u131i3suyrpg","previousOperationId":"ff0qut1qrxww200"}
{"type":"operationEnd","operationId":"ff0qut1qrxww200","timestamp":1713855279883,"id":"98n2bfswt714ffl","previousEventId":"uggcn1hindz74gf","previousOperationId":"ff0qut1qrxww200"}
{"type":"log","timestamp":1713855279883,"level":"debug","message":"Skipping storing report.","meta":{"rootId":"tkmlb91y3h0g9p6","id":"tkmlb91y3h0g9p6"},"id":"4okfbdf7fih2c57","previousOperationId":"ff0qut1qrxww200"}
{"type":"log","timestamp":1713855279883,"level":"info","message":"Rendering request 10 finished in 572 ms","meta":{"rootId":"tkmlb91y3h0g9p6","id":"tkmlb91y3h0g9p6"},"id":"jh09vfvl83qjluk","previousOperationId":"ff0qut1qrxww200"}
{"type":"operationEnd","subtype":"render","operationId":"x0nuvtlhi703jn0","timestamp":1713855279883,"id":"yn4lagzj1ixpddq","previousEventId":"98n2bfswt714ffl","previousOperationId":"ff0qut1qrxww200"}
{"type":"operationEnd","doDiffs":false,"previousEventId":"u658v088fqnliyn","previousOperationId":"gsqhxo0asq6slqz","operationId":"gsqhxo0asq6slqz","timestamp":1713855279885,"id":"tb40ch1ktzvlrsx"}
